<?xml version="1.0" encoding="UTF-8"?>
<!-- Generated by org.testng.reporters.JUnitXMLReporter -->
<testsuite ignored="0" hostname="LAPTOP-U6BAJO33" failures="0" tests="3" name="Test" time="14.187" errors="0" timestamp="2025-06-19T22:54:33 IST">
  <testcase classname="maven.test.UltimateQATest" name="VerifyLandingPage" time="2.375"/>
  <testcase classname="maven.test.UltimateQATest" name="GetHeaderElements" time="0.348"/>
  <testcase classname="maven.test.UltimateQATest" name="TableData" time="11.404"/>
</testsuite> <!-- Test -->
