<?xml version="1.0" encoding="UTF-8"?>
<testng-results ignored="0" total="2" passed="2" failed="0" skipped="0">
  <reporter-output>
  </reporter-output>
  <suite started-at="2025-05-30T00:09:05 IST" name="Suite" finished-at="2025-05-30T00:09:25 IST" duration-ms="19792">
    <groups>
    </groups>
    <test started-at="2025-05-30T00:09:05 IST" name="Test" finished-at="2025-05-30T00:09:25 IST" duration-ms="19792">
      <class name="maven.test.UltimateQATest">
        <test-method signature="VerifyLandingPage()[pri:1, instance:maven.test.UltimateQATest@20b12f8a]" started-at="2025-05-30T00:09:06 IST" name="VerifyLandingPage" finished-at="2025-05-30T00:09:25 IST" duration-ms="19422" status="PASS">
          <reporter-output>
          </reporter-output>
        </test-method> <!-- VerifyLandingPage -->
        <test-method signature="GetHeaderElements()[pri:2, instance:maven.test.UltimateQATest@20b12f8a]" started-at="2025-05-30T00:09:25 IST" name="GetHeaderElements" finished-at="2025-05-30T00:09:25 IST" duration-ms="304" status="PASS">
          <reporter-output>
          </reporter-output>
        </test-method> <!-- GetHeaderElements -->
      </class> <!-- maven.test.UltimateQATest -->
    </test> <!-- Test -->
  </suite> <!-- Suite -->
</testng-results>
