<?xml version="1.0" encoding="UTF-8"?>
<!-- Generated by org.testng.reporters.JUnitReportReporter -->
<testsuite hostname="LAPTOP-U6BAJO33" failures="0" tests="3" name="maven.test.UltimateQATest" time="14.127" errors="0" timestamp="2025-06-19T22:54:33 IST" skipped="0">
  <testcase classname="maven.test.UltimateQATest" name="VerifyLandingPage" time="2.375"/>
  <system-out/>
  <testcase classname="maven.test.UltimateQATest" name="GetHeaderElements" time="0.348"/>
  <system-out/>
  <testcase classname="maven.test.UltimateQATest" name="TableData" time="11.404"/>
  <system-out/>
</testsuite> <!-- maven.test.UltimateQATest -->
