<?xml version="1.0" encoding="UTF-8"?>
<!-- Generated by org.testng.reporters.JUnitReportReporter -->
<testsuite hostname="LAPTOP-U6BAJO33" failures="0" tests="2" name="maven.test.UltimateQATest" time="19.726" errors="0" timestamp="2025-05-30T00:09:25 IST" skipped="0">
  <testcase classname="maven.test.UltimateQATest" name="VerifyLandingPage" time="19.422"/>
  <system-out/>
  <testcase classname="maven.test.UltimateQATest" name="GetHeaderElements" time="0.304"/>
  <system-out/>
</testsuite> <!-- maven.test.UltimateQATest -->
